build/app/outputs/mapping/release/seeds.txt
com.epsilon.donornearmeapp.MainActivity
com.epsilon.donornearmeapp.MainActivity: MainActivity()
...
com.google.android.gms.measurement.internal.AppMeasurementDynamiteService: void getCachedAppInstanceId(com.google.android.gms.internal.measurement.zzw)
com.google.android.gms.internal.measurement.zzca$zza: boolean zzf
io.flutter.embedding.engine.FlutterJNI: FlutterJNI()
com.google.android.gms.internal.measurement.zzcd$zzk: long zzg
androidx.core.R$dimen: int notification_action_text_size
com.google.android.gms.internal.measurement.zzcd$zzg: java.lang.String zzy
com.google.android.gms.internal.measurement.zzci$zzb: com.google.android.gms.internal.measurement.zzci$zzb zzk
androidx.core.R$id: int blocking
androidx.core.R$id: int accessibility_custom_action_1
androidx.core.R$id: int action_container
com.google.android.gms.measurement.AppMeasurement$ConditionalUserProperty: long mCreationTimestamp
io.flutter.embedding.engine.FlutterJNI: void nativeDispatchPointerDataPacket(long,java.nio.ByteBuffer,int)
io.flutter.embedding.engine.systemchannels.PlatformChannel$SoundType: io.flutter.embedding.engine.systemchannels.PlatformChannel$SoundType valueOf(java.lang.String)
com.google.android.gms.internal.measurement.zzbv$zzf: java.lang.String zze
io.flutter.embedding.engine.FlutterJNI: boolean nativeGetIsSoftwareRenderingEnabled()
com.google.android.gms.internal.measurement.zzca$zza: boolean zze
com.google.android.exoplayer2.source.TrackGroup: android.os.Parcelable$Creator CREATOR
com.google.android.gms.measurement.internal.AppMeasurementDynamiteService: void getTestFlag(com.google.android.gms.internal.measurement.zzw,int)
androidx.lifecycle.SingleGeneratedAdapterObserver
androidx.lifecycle.Lifecycle$Event: androidx.lifecycle.Lifecycle$Event ON_ANY
com.google.firebase.iid.Registrar
com.google.android.gms.internal.measurement.zzca$zzb: java.lang.String zze
com.google.android.gms.common.internal.GetServiceRequest: android.os.Parcelable$Creator CREATOR
io.flutter.plugins.GeneratedPluginRegistrant
com.google.android.gms.internal.measurement.zzbv$zza: com.google.android.gms.internal.measurement.zzid zze
com.google.firebase.installations.FirebaseInstallationsRegistrar
com.google.android.gms.internal.measurement.zzcd$zzg: java.lang.String zzab
io.flutter.plugin.platform.SingleViewPresentation: android.widget.FrameLayout container
com.google.android.gms.dynamite.descriptors.com.google.android.gms.measurement.dynamite.ModuleDescriptor
com.google.android.datatransport.runtime.scheduling.jobscheduling.AlarmManagerSchedulerBroadcastReceiver: AlarmManagerSchedulerBroadcastReceiver()
com.babariviere.sms.SmsQueryRequest: com.babariviere.sms.SmsQueryRequest[] values()
com.google.android.gms.internal.measurement.zzbv$zzd: java.lang.String zzg
androidx.core.R$id: int accessibility_custom_action_20
androidx.legacy.content.WakefulBroadcastReceiver: WakefulBroadcastReceiver()
com.google.android.gms.dynamite.DynamiteModule$DynamiteLoaderClassLoader: java.lang.ClassLoader sClassLoader
io.flutter.view.AccessibilityBridge$Action: io.flutter.view.AccessibilityBridge$Action valueOf(java.lang.String)
androidx.core.R$dimen: int compat_button_inset_vertical_material
androidx.core.R$dimen: int notification_top_pad
io.flutter.plugins.camera.DartMessenger$EventType: io.flutter.plugins.camera.DartMessenger$EventType valueOf(java.lang.String)
com.google.android.gms.common.api.Status: android.os.Parcelable$Creator CREATOR
androidx.core.R$dimen: int notification_main_column_padding_top
io.flutter.embedding.engine.FlutterJNI: io.flutter.view.FlutterCallbackInformation nativeLookupCallbackInformation(long)
io.flutter.embedding.android.RenderMode: io.flutter.embedding.android.RenderMode[] values()
io.flutter.plugins.camera.Camera$ResolutionPreset: io.flutter.plugins.camera.Camera$ResolutionPreset[] values()
com.google.android.gms.internal.measurement.zzca$zzc: int zzc
com.google.firebase.heartbeatinfo.HeartBeatInfo$HeartBeat: com.google.firebase.heartbeatinfo.HeartBeatInfo$HeartBeat valueOf(java.lang.String)