build/app/outputs/mapping/release/mapping.txt
# compiler: R8
# compiler_version: 2.0.88
# min_api: 22
# pg_map_id: ca30e06
# common_typos_disable
...
androidx.fragment.app.BackStackState -> androidx.fragment.app.b:
    java.lang.String mName -> g
    boolean mReorderingAllowed -> o
    int mBreadCrumbShortTitleRes -> k
    int mIndex -> h
    int mBreadCrumbTitleRes -> i
    int mTransitionStyle -> f
    int[] mOps -> a
    int mTransition -> e
    java.util.ArrayList mFragmentWhos -> b
    java.lang.CharSequence mBreadCrumbTitleText -> j
    java.lang.CharSequence mBreadCrumbShortTitleText -> l
    java.util.ArrayList mSharedElementTargetNames -> n
    java.util.ArrayList mSharedElementSourceNames -> m
    int[] mOldMaxLifecycleStates -> c
    int[] mCurrentMaxLifecycleStates -> d
    androidx.fragment.app.BackStackRecord instantiate(androidx.fragment.app.FragmentManagerImpl) -> a
androidx.fragment.app.BackStackState$1 -> androidx.fragment.app.b$a:
    androidx.fragment.app.BackStackState createFromParcel(android.os.Parcel) -> a
    androidx.fragment.app.BackStackState[] newArray(int) -> b
androidx.fragment.app.DialogFragment -> androidx.fragment.app.c:
    int mBackStackId -> d0
    boolean mViewDestroyed -> f0
    int mTheme -> a0
    boolean mDismissed -> g0
    java.lang.Runnable mDismissRunnable -> Y
    int mStyle -> Z
    boolean mCancelable -> b0
    android.app.Dialog mDialog -> e0
    boolean mShowsDialog -> c0
    boolean mShownByMe -> h0
    android.os.Handler mHandler -> X
    void onActivityCreated(android.os.Bundle) -> R
    void onAttach(android.content.Context) -> U
    void onCreate(android.os.Bundle) -> X
    void onDestroyView() -> e0
    void onDetach() -> f0
    android.view.LayoutInflater onGetLayoutInflater(android.os.Bundle) -> g0
    void dismissInternal(boolean,boolean) -> k1
    android.app.Dialog onCreateDialog(android.os.Bundle) -> l1
    void setShowsDialog(boolean) -> m1
    void setupDialog(android.app.Dialog,int) -> n1
    void show(androidx.fragment.app.FragmentManager,java.lang.String) -> o1
    void onSaveInstanceState(android.os.Bundle) -> t0
    void onStart() -> u0
    void onStop() -> v0
androidx.fragment.app.DialogFragment$1 -> androidx.fragment.app.c$a:
    androidx.fragment.app.DialogFragment this$0 -> a
androidx.fragment.app.Fragment -> androidx.fragment.app.Fragment:
    boolean mFromLayout -> m
    androidx.fragment.app.Fragment mTarget -> g
    boolean mIsCreated -> P
    boolean mIsNewlyAdded -> L
    boolean mHidden -> y
    java.lang.String mWho -> e
    boolean mHasMenu -> C
    float mPostponedAlpha -> N
    int mBackStackNesting -> q
    boolean mHiddenChanged -> M
    boolean mInLayout -> n
    boolean mDeferStart -> I
    android.os.Bundle mSavedFragmentState -> b
    int mTargetRequestCode -> i
    java.lang.Boolean mIsPrimaryNavigationFragment -> j
    android.os.Bundle mArguments -> f
    androidx.fragment.app.Fragment$AnimationInfo mAnimationInfo -> K
    int mState -> a
    androidx.fragment.app.FragmentManagerImpl mFragmentManager -> r
    android.util.SparseArray mSavedViewState -> c
    android.view.ViewGroup mContainer -> F
    boolean mDetached -> z
    androidx.fragment.app.FragmentViewLifecycleOwner mViewLifecycleOwner -> S
    int mFragmentId -> v
    boolean mMenuVisible -> D
    boolean mRestored -> o
    java.lang.String mTargetWho -> h
    boolean mUserVisibleHint -> J
    boolean mAdded -> k
    android.view.LayoutInflater mLayoutInflater -> O
    androidx.fragment.app.Fragment mParentFragment -> u
    android.view.View mInnerView -> H
    java.lang.String mTag -> x
    boolean mCalled -> E
    int mContentLayoutId -> V
    int mContainerId -> w
    boolean mRetainInstance -> A
    androidx.lifecycle.LifecycleRegistry mLifecycleRegistry -> R
androidx.fragment.app.Fragment$2 -> androidx.fragment.app.Fragment$2:
    androidx.fragment.app.Fragment this$0 -> a
    void onStateChanged(androidx.lifecycle.LifecycleOwner,androidx.lifecycle.Lifecycle$Event) -> d
androidx.fragment.app.Fragment$3 -> androidx.fragment.app.Fragment$a:
    androidx.fragment.app.Fragment this$0 -> a