build/app/outputs/mapping/release/usage.txt
com.epsilon.donornearmeapp.R$integer
com.epsilon.donornearmeapp.BuildConfig
com.epsilon.donornearmeapp.R$dimen
com.epsilon.donornearmeapp.R$style
com.epsilon.donornearmeapp.R$styleable
com.epsilon.donornearmeapp.R$xml
com.epsilon.donornearmeapp.R$id
com.epsilon.donornearmeapp.R$mipmap
com.epsilon.donornearmeapp.R$attr
com.epsilon.donornearmeapp.R
com.epsilon.donornearmeapp.R$layout
com.epsilon.donornearmeapp.R$color
com.epsilon.donornearmeapp.R$string
com.epsilon.donornearmeapp.R$drawable
...
kotlin.text.StringsKt__StringsJVMKt:
    private static final int nativeIndexOf(java.lang.String,char,int)
    private static final int nativeIndexOf(java.lang.String,java.lang.String,int)
    private static final int nativeLastIndexOf(java.lang.String,char,int)
    private static final int nativeLastIndexOf(java.lang.String,java.lang.String,int)
    public static final boolean equals(java.lang.String,java.lang.String,boolean)
    public static synthetic boolean equals$default(java.lang.String,java.lang.String,boolean,int,java.lang.Object)
    public static final java.lang.String replace(java.lang.String,char,char,boolean)
    public static synthetic java.lang.String replace$default(java.lang.String,char,char,boolean,int,java.lang.Object)
    public static final java.lang.String replace(java.lang.String,java.lang.String,java.lang.String,boolean)
    public static synthetic java.lang.String replace$default(java.lang.String,java.lang.String,java.lang.String,boolean,int,java.lang.Object)
    public static final java.lang.String replaceFirst(java.lang.String,char,char,boolean)
    public static synthetic java.lang.String replaceFirst$default(java.lang.String,char,char,boolean,int,java.lang.Object)
    public static final java.lang.String replaceFirst(java.lang.String,java.lang.String,java.lang.String,boolean)
    public static synthetic java.lang.String replaceFirst$default(java.lang.String,java.lang.String,java.lang.String,boolean,int,java.lang.Object)
io.flutter.view.FlutterView$2
io.flutter.embedding.engine.plugins.broadcastreceiver.BroadcastReceiverControlSurface
androidx.core.view.ViewCompat$4
com.google.android.gms.measurement.AppMeasurement$Param
androidx.legacy.content.WakefulBroadcastReceiver:
    private static final java.lang.String EXTRA_WAKE_LOCK_ID
com.google.android.exoplayer2.DefaultRenderersFactory:
    public void <init>(android.content.Context,com.google.android.exoplayer2.drm.DrmSessionManager)
    public void <init>(android.content.Context,int)
    public void <init>(android.content.Context,com.google.android.exoplayer2.drm.DrmSessionManager,int)
    public void <init>(android.content.Context,int,long)
    public void <init>(android.content.Context,com.google.android.exoplayer2.drm.DrmSessionManager,int,long)
    public com.google.android.exoplayer2.DefaultRenderersFactory setExtensionRendererMode(int)
    public com.google.android.exoplayer2.DefaultRenderersFactory setPlayClearSamplesWithoutKeys(boolean)
    public com.google.android.exoplayer2.DefaultRenderersFactory setMediaCodecSelector(com.google.android.exoplayer2.mediacodec.MediaCodecSelector)
    public com.google.android.exoplayer2.DefaultRenderersFactory setAllowedVideoJoiningTimeMs(long)
    public static final long DEFAULT_ALLOWED_VIDEO_JOINING_TIME_MS
    public static final int EXTENSION_RENDERER_MODE_OFF
    public static final int EXTENSION_RENDERER_MODE_ON
    public static final int EXTENSION_RENDERER_MODE_PREFER
    private static final java.lang.String TAG
    protected static final int MAX_DROPPED_VIDEO_FRAME_COUNT_TO_NOTIFY
kotlin.jvm.internal.ShortCompanionObject
com.google.android.gms.common.data.DataHolder
com.google.android.exoplayer2.source.SampleMetadataQueue:
    private static final int SAMPLE_CAPACITY_INCREMENT
androidx.core.content.pm.PackageInfoCompat
androidx.fragment.app.FragmentManagerViewModel:
    void restoreFromSnapshot(androidx.fragment.app.FragmentManagerNonConfig)
    androidx.fragment.app.FragmentManagerNonConfig getSnapshot()
com.google.firebase.installations.interop.R
androidx.lifecycle.LiveData$AlwaysActiveObserver
androidx.core.app.ActivityManagerCompat
com.google.firebase.FirebaseOptions$1